C:\Program Files (x86)\MSBuild\Microsoft.Cpp\v4.0\V140\Microsoft.CppBuild.targets(392,5): warning MSB8028: The intermediate directory (Debug\) contains files shared from another project (homework.vcxproj).  This can lead to incorrect clean and rebuild behavior.
  stdafx.cpp
  Weapon.cpp
  Shop.cpp
c:\users\administrator\desktop\textrpg-master\textrpg-master\homework\inventory.h(19): error C2061: 구문 오류: 식별자 'CCharacter'
c:\users\administrator\desktop\textrpg-master\textrpg-master\homework\inventory.h(23): error C2061: 구문 오류: 식별자 'CCharacter'
c:\users\administrator\desktop\textrpg-master\textrpg-master\homework\inventory.h(25): error C2061: 구문 오류: 식별자 'CCharacter'
c:\users\administrator\desktop\textrpg-master\textrpg-master\homework\inventory.h(28): error C2061: 구문 오류: 식별자 'CCharacter'
c:\users\administrator\desktop\textrpg-master\textrpg-master\homework\inventory.h(31): error C2061: 구문 오류: 식별자 'CCharacter'
c:\users\administrator\desktop\textrpg-master\textrpg-master\homework\inventory.h(34): error C2061: 구문 오류: 식별자 'CCharacter'
c:\users\administrator\desktop\textrpg-master\textrpg-master\homework\factory.cpp(301): error C2039: 'sort': 'CPotion'의 멤버가 아닙니다.
  c:\users\administrator\desktop\textrpg-master\textrpg-master\homework\potion.h(5): note: 'CPotion' 선언을 참조하십시오.
c:\users\administrator\desktop\textrpg-master\textrpg-master\homework\factory.cpp(301): error C2065: 'Potion': 선언되지 않은 식별자입니다.
c:\users\administrator\desktop\textrpg-master\textrpg-master\homework\factory.cpp(301): error C2146: 구문 오류: ';'이(가) 'parser' 식별자 앞에 없습니다.
c:\users\administrator\desktop\textrpg-master\textrpg-master\homework\factory.cpp(549): error C2039: 'currWeapon': 'CInventory'의 멤버가 아닙니다.
  c:\users\administrator\desktop\textrpg-master\textrpg-master\homework\inventory.h(10): note: 'CInventory' 선언을 참조하십시오.
  Potion.cpp
  Parser.cpp
c:\users\administrator\desktop\textrpg-master\textrpg-master\homework\parser.cpp(148): fatal error C1010: 미리 컴파일된 헤더를 찾는 동안 예기치 않은 파일의 끝이 나타났습니다. '#include "stdafx.h"'을(를) 소스에 추가하시겠습니까?
  Monster.cpp
  Factory.cpp
c:\users\administrator\desktop\textrpg-master\textrpg-master\homework\inventory.h(19): error C2061: 구문 오류: 식별자 'CCharacter'
c:\users\administrator\desktop\textrpg-master\textrpg-master\homework\inventory.h(23): error C2061: 구문 오류: 식별자 'CCharacter'
c:\users\administrator\desktop\textrpg-master\textrpg-master\homework\inventory.h(25): error C2061: 구문 오류: 식별자 'CCharacter'
c:\users\administrator\desktop\textrpg-master\textrpg-master\homework\inventory.h(28): error C2061: 구문 오류: 식별자 'CCharacter'
c:\users\administrator\desktop\textrpg-master\textrpg-master\homework\inventory.h(31): error C2061: 구문 오류: 식별자 'CCharacter'
c:\users\administrator\desktop\textrpg-master\textrpg-master\homework\inventory.h(34): error C2061: 구문 오류: 식별자 'CCharacter'
c:\users\administrator\desktop\textrpg-master\textrpg-master\homework\factory.cpp(301): error C2039: 'sort': 'CPotion'의 멤버가 아닙니다.
  c:\users\administrator\desktop\textrpg-master\textrpg-master\homework\potion.h(5): note: 'CPotion' 선언을 참조하십시오.
c:\users\administrator\desktop\textrpg-master\textrpg-master\homework\factory.cpp(301): error C2065: 'Potion': 선언되지 않은 식별자입니다.
c:\users\administrator\desktop\textrpg-master\textrpg-master\homework\factory.cpp(301): error C2146: 구문 오류: ';'이(가) 'parser' 식별자 앞에 없습니다.
c:\users\administrator\desktop\textrpg-master\textrpg-master\homework\factory.cpp(549): error C2039: 'currWeapon': 'CInventory'의 멤버가 아닙니다.
  c:\users\administrator\desktop\textrpg-master\textrpg-master\homework\inventory.h(10): note: 'CInventory' 선언을 참조하십시오.
  Character.cpp
c:\users\administrator\desktop\textrpg-master\textrpg-master\homework\inventory.h(19): error C2061: 구문 오류: 식별자 'CCharacter'
c:\users\administrator\desktop\textrpg-master\textrpg-master\homework\inventory.h(23): error C2061: 구문 오류: 식별자 'CCharacter'
c:\users\administrator\desktop\textrpg-master\textrpg-master\homework\inventory.h(25): error C2061: 구문 오류: 식별자 'CCharacter'
c:\users\administrator\desktop\textrpg-master\textrpg-master\homework\inventory.h(28): error C2061: 구문 오류: 식별자 'CCharacter'
c:\users\administrator\desktop\textrpg-master\textrpg-master\homework\inventory.h(31): error C2061: 구문 오류: 식별자 'CCharacter'
c:\users\administrator\desktop\textrpg-master\textrpg-master\homework\inventory.h(34): error C2061: 구문 오류: 식별자 'CCharacter'
  BufItem.cpp
  BattleManager.cpp
c:\users\administrator\desktop\textrpg-master\textrpg-master\homework\battlemanager.cpp(65): fatal error C1010: 미리 컴파일된 헤더를 찾는 동안 예기치 않은 파일의 끝이 나타났습니다. '#include "stdafx.h"'을(를) 소스에 추가하시겠습니까?
  코드를 생성하고 있습니다...
